<?xml version="1.0" encoding="UTF-8"?>
<!-- Generated by org.testng.reporters.JUnitReportReporter -->
<testsuite hostname="DESKTOP-MM5QJ97" name="risTestScripts.ScheduleTests" tests="8" failures="0" timestamp="24 Feb 2022 06:31:38 GMT" time="66.344" errors="0">
  <testcase name="scheduleButtonTest" time="2.310" classname="risTestScripts.ScheduleTests"/>
  <testcase name="openRis" time="37.708" classname="risTestScripts.ScheduleTests"/>
  <testcase name="searchOnTableTest" time="4.526" classname="risTestScripts.ScheduleTests"/>
  <testcase name="searchResultsTest" time="3.104" classname="risTestScripts.ScheduleTests"/>
  <testcase name="itemsPerPageTest" time="1.109" classname="risTestScripts.ScheduleTests"/>
  <testcase name="searchWithDateNegativeTest" time="5.243" classname="risTestScripts.ScheduleTests"/>
  <testcase name="inputRoomScheduledateTime" time="6.634" classname="risTestScripts.ScheduleTests"/>
  <testcase name="searchWithServiceCategoryServiceDateTest" time="5.710" classname="risTestScripts.ScheduleTests"/>
</testsuite> <!-- risTestScripts.ScheduleTests -->
