<?xml version="1.0" encoding="UTF-8"?>
<!-- Generated by org.testng.reporters.JUnitReportReporter -->
<testsuite hostname="DESKTOP-MM5QJ97" name="risTestScripts.ServiceRoomMapTest" tests="3" failures="0" timestamp="4 Feb 2022 09:42:42 GMT" time="88.375" errors="0">
  <testcase name="serviceRoomMappingTest" time="24.741" classname="risTestScripts.ServiceRoomMapTest"/>
  <testcase name="openRis" time="36.412" classname="risTestScripts.ServiceRoomMapTest"/>
  <testcase name="manageTemplateTest" time="27.222" classname="risTestScripts.ServiceRoomMapTest"/>
</testsuite> <!-- risTestScripts.ServiceRoomMapTest -->
