<?xml version="1.0" encoding="UTF-8"?>
<!-- Generated by org.testng.reporters.JUnitReportReporter -->
<testsuite hostname="DESKTOP-MM5QJ97" name="risTestScripts.ReportPrintTests" tests="8" failures="0" timestamp="24 Feb 2022 06:31:38 GMT" time="56.773" errors="0">
  <testcase name="searchOnPrintReportTableTest" time="5.456" classname="risTestScripts.ReportPrintTests"/>
  <testcase name="openRis" time="31.173" classname="risTestScripts.ReportPrintTests"/>
  <testcase name="printReportPageDataValidationTest" time="3.373" classname="risTestScripts.ReportPrintTests"/>
  <testcase name="searchWithServiceCategoryServiceStudyNumberRegIdTest" time="2.982" classname="risTestScripts.ReportPrintTests"/>
  <testcase name="openReportPrintTest" time="6.252" classname="risTestScripts.ReportPrintTests"/>
  <testcase name="printButtonTest" time="2.242" classname="risTestScripts.ReportPrintTests"/>
  <testcase name="defaultViewDateSearchTest" time="4.100" classname="risTestScripts.ReportPrintTests"/>
  <testcase name="viewReportButtonTest" time="1.195" classname="risTestScripts.ReportPrintTests"/>
</testsuite> <!-- risTestScripts.ReportPrintTests -->
