<?xml version="1.0" encoding="UTF-8"?>
<!-- Generated by org.testng.reporters.JUnitReportReporter -->
<testsuite hostname="DESKTOP-MM5QJ97" name="risTestScripts.ConfirmationTests" tests="6" failures="0" timestamp="16 Mar 2022 06:51:52 GMT" time="21.998" errors="0">
  <testcase name="openImageCaptureAndConfirmationTest" time="2.260" classname="risTestScripts.ConfirmationTests"/>
  <testcase name="openMainMenuTest" time="4.232" classname="risTestScripts.ConfirmationTests"/>
  <testcase name="SearchOnTableAndConfirmationTableDataTest" time="4.713" classname="risTestScripts.ConfirmationTests"/>
  <testcase name="confirmButtonTest" time="1.224" classname="risTestScripts.ConfirmationTests"/>
  <testcase name="searchWithServiceCategoryServiceAndDateTest" time="8.265" classname="risTestScripts.ConfirmationTests"/>
  <testcase name="inputStudyNumberTest" time="1.304" classname="risTestScripts.ConfirmationTests"/>
</testsuite> <!-- risTestScripts.ConfirmationTests -->
