<?xml version="1.0" encoding="UTF-8"?>
<!-- Generated by org.testng.reporters.JUnitReportReporter -->
<testsuite hostname="DESKTOP-MM5QJ97" name="risTestScripts.ScheduleTest" tests="8" failures="0" timestamp="17 Feb 2022 07:04:45 GMT" time="95.182" errors="0">
  <testcase name="searchResultsTest" time="3.088" classname="risTestScripts.ScheduleTest"/>
  <testcase name="searchOnTableTest" time="4.415" classname="risTestScripts.ScheduleTest"/>
  <testcase name="scheduleButtonTest" time="2.293" classname="risTestScripts.ScheduleTest"/>
  <testcase name="openRis" time="67.434" classname="risTestScripts.ScheduleTest"/>
  <testcase name="searchWithDateNegativeTest" time="5.232" classname="risTestScripts.ScheduleTest"/>
  <testcase name="searchWithServiceCategoryServiceDateTest" time="5.548" classname="risTestScripts.ScheduleTest"/>
  <testcase name="inputRoomScheduledateTime" time="6.088" classname="risTestScripts.ScheduleTest"/>
  <testcase name="itemsPerPageTest" time="1.084" classname="risTestScripts.ScheduleTest"/>
</testsuite> <!-- risTestScripts.ScheduleTest -->
