<?xml version="1.0" encoding="UTF-8"?>
<!-- Generated by org.testng.reporters.JUnitReportReporter -->
<testsuite hostname="DESKTOP-MM5QJ97" name="risTestScripts.ReportVerifyTest" tests="1" failures="0" timestamp="11 Feb 2022 06:22:24 GMT" time="21.022" errors="0">
  <testcase name="verifyReportTest" time="21.022" classname="risTestScripts.ReportVerifyTest"/>
</testsuite> <!-- risTestScripts.ReportVerifyTest -->
