<?xml version="1.0" encoding="UTF-8"?>
<!-- Generated by org.testng.reporters.JUnitReportReporter -->
<testsuite hostname="DESKTOP-MM5QJ97" name="risTestScripts.ReportCreationTests" tests="10" failures="0" timestamp="24 Feb 2022 06:31:38 GMT" time="28.669" errors="0">
  <testcase name="reportCreationPageDataTest" time="3.364" classname="risTestScripts.ReportCreationTests"/>
  <testcase name="searchOnCreateReportTableAndDataTest" time="6.462" classname="risTestScripts.ReportCreationTests"/>
  <testcase name="openReportCreationTest" time="1.210" classname="risTestScripts.ReportCreationTests"/>
  <testcase name="reportCreationPageCreatedByTest" time="1.376" classname="risTestScripts.ReportCreationTests"/>
  <testcase name="searchWithServiceCategoryServiceStudyNumberRegIdDateTest" time="6.139" classname="risTestScripts.ReportCreationTests"/>
  <testcase name="reportCreationPageSelectTemplateTest" time="1.296" classname="risTestScripts.ReportCreationTests"/>
  <testcase name="createButtonTest" time="1.382" classname="risTestScripts.ReportCreationTests"/>
  <testcase name="reportCreationPageSaveButtonTest" time="2.239" classname="risTestScripts.ReportCreationTests"/>
  <testcase name="showLastThreeDaysDataDefaultDateSearchTest" time="4.114" classname="risTestScripts.ReportCreationTests"/>
  <testcase name="reportCreationPageNegativeTest" time="1.087" classname="risTestScripts.ReportCreationTests"/>
</testsuite> <!-- risTestScripts.ReportCreationTests -->
