<?xml version="1.0" encoding="UTF-8"?>
<!-- Generated by org.testng.reporters.JUnitReportReporter -->
<testsuite hostname="DESKTOP-MM5QJ97" name="risTestScripts.ReportVerifyTests" tests="8" failures="0" timestamp="24 Feb 2022 06:31:38 GMT" time="26.065" errors="0">
  <testcase name="searchWithServiceCategoryServiceStudyNumberRegIdTest" time="5.078" classname="risTestScripts.ReportVerifyTests"/>
  <testcase name="verifyButtonTest" time="2.427" classname="risTestScripts.ReportVerifyTests"/>
  <testcase name="openReportVerificationFromMenuTest" time="4.188" classname="risTestScripts.ReportVerifyTests"/>
  <testcase name="reportVerificationPageDataTest" time="3.374" classname="risTestScripts.ReportVerifyTests"/>
  <testcase name="defaultviewDateSearchTest" time="3.106" classname="risTestScripts.ReportVerifyTests"/>
  <testcase name="verifiedByTest" time="1.302" classname="risTestScripts.ReportVerifyTests"/>
  <testcase name="searchOnVerifyReportTableTest" time="4.359" classname="risTestScripts.ReportVerifyTests"/>
  <testcase name="verifyReportButtonTest" time="2.231" classname="risTestScripts.ReportVerifyTests"/>
</testsuite> <!-- risTestScripts.ReportVerifyTests -->
