<?xml version="1.0" encoding="UTF-8"?>
<!-- Generated by org.testng.reporters.JUnitReportReporter -->
<testsuite hostname="DESKTOP-MM5QJ97" name="risTestScripts.ReportVerifyTests" tests="6" failures="0" timestamp="16 Mar 2022 06:51:52 GMT" time="19.454" errors="0">
  <testcase name="openReportVerificationFromMenuTest" time="4.178" classname="risTestScripts.ReportVerifyTests"/>
  <testcase name="verifiedByTest" time="1.292" classname="risTestScripts.ReportVerifyTests"/>
  <testcase name="searchOnVerifyReportTableTest" time="4.306" classname="risTestScripts.ReportVerifyTests"/>
  <testcase name="verifyButtonTest" time="2.330" classname="risTestScripts.ReportVerifyTests"/>
  <testcase name="verifyReportButtonTest" time="2.181" classname="risTestScripts.ReportVerifyTests"/>
  <testcase name="searchWithServiceCategoryServiceStudyNumberRegIdTest" time="5.167" classname="risTestScripts.ReportVerifyTests"/>
</testsuite> <!-- risTestScripts.ReportVerifyTests -->
